c:\wdl-ol\iplugexamples\chsynth\build-win\vst2\x64\debug\vc143.pdb
c:\wdl-ol\iplugexamples\chsynth\build-win\vst2\x64\debug\vc143.idb
c:\wdl-ol\iplugexamples\chsynth\build-win\vst2\x64\debug\oscillator.obj
c:\wdl-ol\iplugexamples\chsynth\build-win\vst2\x64\debug\myfirstdistortion.obj
c:\wdl-ol\iplugexamples\chsynth\build-win\vst2\x64\debug\midireceiver.obj
c:\wdl-ol\iplugexamples\chsynth\build-win\vst2\x64\debug\iplugvst.obj
c:\wdl-ol\iplugexamples\chsynth\build-win\vst2\x64\debug\envelopegenerator.obj
c:\wdl-ol\iplugexamples\chsynth\build-win\vst2\x64\debug\filter.obj
c:\wdl-ol\iplugexamples\chsynth\build-win\vst2\x64\debug\voicemanager.obj
c:\wdl-ol\iplugexamples\chsynth\build-win\vst2\x64\debug\voice.obj
c:\wdl-ol\iplugexamples\chsynth\build-win\vst2\x64\bin\myfirstdistortion.dll
c:\wdl-ol\iplugexamples\chsynth\build-win\vst2\x64\bin\myfirstdistortion.ilk
c:\wdl-ol\iplugexamples\chsynth\build-win\vst2\x64\bin\myfirstdistortion.pdb
c:\wdl-ol\iplugexamples\chsynth\build-win\vst2\x64\bin\myfirstdistortion.lib
c:\wdl-ol\iplugexamples\chsynth\build-win\vst2\x64\bin\myfirstdistortion.exp
c:\wdl-ol\iplugexamples\chsynth\build-win\vst2\x64\debug\myfirstdistortion.res
c:\wdl-ol\iplugexamples\chsynth\build-win\vst2\x64\debug\myfirstd.2eb4846a.tlog\cl.command.1.tlog
c:\wdl-ol\iplugexamples\chsynth\build-win\vst2\x64\debug\myfirstd.2eb4846a.tlog\cl.read.1.tlog
c:\wdl-ol\iplugexamples\chsynth\build-win\vst2\x64\debug\myfirstd.2eb4846a.tlog\cl.write.1.tlog
c:\wdl-ol\iplugexamples\chsynth\build-win\vst2\x64\debug\myfirstd.2eb4846a.tlog\link.command.1.tlog
c:\wdl-ol\iplugexamples\chsynth\build-win\vst2\x64\debug\myfirstd.2eb4846a.tlog\link.read.1.tlog
c:\wdl-ol\iplugexamples\chsynth\build-win\vst2\x64\debug\myfirstd.2eb4846a.tlog\link.write.1.tlog
c:\wdl-ol\iplugexamples\chsynth\build-win\vst2\x64\debug\myfirstd.2eb4846a.tlog\myfirstdistortion-vst2.write.1u.tlog
c:\wdl-ol\iplugexamples\chsynth\build-win\vst2\x64\debug\myfirstd.2eb4846a.tlog\rc.command.1.tlog
c:\wdl-ol\iplugexamples\chsynth\build-win\vst2\x64\debug\myfirstd.2eb4846a.tlog\rc.read.1.tlog
c:\wdl-ol\iplugexamples\chsynth\build-win\vst2\x64\debug\myfirstd.2eb4846a.tlog\rc.write.1.tlog
